<html>
<head>
<title>TestNG:  PositiveTests-CH</title>
<link href="../testng.css" rel="stylesheet" type="text/css" />
<link href="../my-testng.css" rel="stylesheet" type="text/css" />

<style type="text/css">
.log { display: none;} 
.stack-trace { display: none;} 
</style>
<script type="text/javascript">
<!--
function flip(e) {
  current = e.style.display;
  if (current == 'block') {
    e.style.display = 'none';
    return 0;
  }
  else {
    e.style.display = 'block';
    return 1;
  }
}

function toggleBox(szDivId, elem, msg1, msg2)
{
  var res = -1;  if (document.getElementById) {
    res = flip(document.getElementById(szDivId));
  }
  else if (document.all) {
    // this is the way old msie versions work
    res = flip(document.all[szDivId]);
  }
  if(elem) {
    if(res == 0) elem.innerHTML = msg1; else elem.innerHTML = msg2;
  }

}

function toggleAllBoxes() {
  if (document.getElementsByTagName) {
    d = document.getElementsByTagName('div');
    for (i = 0; i < d.length; i++) {
      if (d[i].className == 'log') {
        flip(d[i]);
      }
    }
  }
}

// -->
</script>

</head>
<body>
<h2 align='center'>PositiveTests-CH</h2><table border='1' align="center">
<tr>
<td>Tests passed/Failed/Skipped:</td><td>9/1/0</td>
</tr><tr>
<td>Started on:</td><td>Mon Aug 09 14:27:41 SAST 2021</td>
</tr>
<tr><td>Total time:</td><td>91 seconds (91289 ms)</td>
</tr><tr>
<td>Included groups:</td><td></td>
</tr><tr>
<td>Excluded groups:</td><td></td>
</tr>
</table><p/>
<small><i>(Hover the method name to see the test class name)</i></small><p/>
<table width='100%' border='1' class='invocation-failed'>
<tr><td colspan='4' align='center'><b>FAILED TESTS</b></td></tr>
<tr><td><b>Test method</b></td>
<td width="30%"><b>Exception</b></td>
<td width="10%"><b>Time (seconds)</b></td>
<td><b>Instance</b></td>
</tr>
<tr>
<td title='mamaMoney.palindrome.tests.PalandromeTest.allPalindromeTests()'><b>allPalindromeTests</b><br>Test class: mamaMoney.palindrome.tests.PalandromeTest<br>Parameters: {palidromeExpectedMessage=Yes! stats reversed is stats, testID=1, text=stats, testDescription=we are testing word [stats] If is palindrome}</td>
<td><div><pre>org.openqa.selenium.remote.UnreachableBrowserException: Error communicating with the remote browser. It may have died.
Build info: version: &apos;4.0.0-alpha-7&apos;, revision: &apos;de8579b6d5&apos;
System info: host: &apos;LSIDUDUZOM&apos;, ip: &apos;192.168.18.6&apos;, os.name: &apos;Windows 10&apos;, os.arch: &apos;amd64&apos;, os.version: &apos;10.0&apos;, java.version: &apos;15&apos;
Driver info: driver.version: RemoteWebDriver
Capabilities {acceptInsecureCerts: false, browserName: chrome, browserVersion: 92.0.4515.131, chrome: {chromedriverVersion: 92.0.4515.107 (87a818b10553..., userDataDir: C:\Users\siduduzom\AppData\...}, goog:chromeOptions: {debuggerAddress: localhost:54986}, javascriptEnabled: true, networkConnectionEnabled: false, pageLoadStrategy: normal, platform: WINDOWS, platformName: WINDOWS, proxy: Proxy(), setWindowRect: true, strictFileInteractability: false, timeouts: {implicit: 0, pageLoad: 300000, script: 30000}, unhandledPromptBehavior: dismiss and notify, webauthn:extension:credBlob: true, webauthn:extension:largeBlob: true, webauthn:virtualAuthenticators: true}
Session ID: 19d9784bbcd8b68f632d5e8e1dd3f01f
	at org.openqa.selenium.remote.RemoteWebDriver.execute(RemoteWebDriver.java:522)
	at org.openqa.selenium.remote.RemoteWebDriver.get(RemoteWebDriver.java:273)
	at mamaMoney.palindrome.pages.HomePage.openHomePage(HomePage.java:20)
	at mamaMoney.palindrome.tests.PalandromeTest.allPalindromeTests(PalandromeTest.java:22)
	at java.base/java.util.ArrayList.forEach(ArrayList.java:1511)
Caused by: java.lang.RuntimeException: NettyHttpHandler request execution error
	at org.openqa.selenium.remote.http.netty.NettyHttpHandler.makeCall(NettyHttpHandler.java:72)
	at org.openqa.selenium.remote.http.AddSeleniumUserAgent.lambda$apply$0(AddSeleniumUserAgent.java:42)
	at org.openqa.selenium.remote.http.Filter.lambda$andFinally$1(Filter.java:56)
	at org.openqa.selenium.remote.http.netty.NettyHttpHandler.execute(NettyHttpHandler.java:47)
	at org.openqa.selenium.remote.http.AddSeleniumUserAgent.lambda$apply$0(AddSeleniumUserAgent.java:42)
	at org.openqa.selenium.remote.http.Filter.lambda$andFinally$1(Filter.java:56)
	at org.openqa.selenium.remote.http.netty.NettyClient.execute(NettyClient.java:60)
	at org.openqa.selenium.remote.HttpCommandExecutor.execute(HttpCommandExecutor.java:164)
	at org.openqa.selenium.remote.service.DriverCommandExecutor.execute(DriverCommandExecutor.java:123)
	at org.openqa.selenium.remote.RemoteWebDriver.execute(RemoteWebDriver.java:501)
	... 31 more
Caused by: java.util.concurrent.ExecutionException: java.util.concurrent.TimeoutException: Request timeout to localhost/127.0.0.1:10650 after 60000 ms
	at java.base/java.util.concurrent.CompletableFuture.reportGet(CompletableFuture.java:395)
	at java.base/java.util.concurrent.CompletableFuture.get(CompletableFuture.java:2063)
	at org.asynchttpclient.netty.NettyResponseFuture.get(NettyResponseFuture.java:201)
	at org.openqa.selenium.remote.http.netty.NettyHttpHandler.makeCall(NettyHttpHandler.java:57)
	... 40 more
Caused by: java.util.concurrent.TimeoutException: Request timeout to localhost/127.0.0.1:10650 after 60000 ms
	at org.asynchttpclient.netty.timeout.TimeoutTimerTask.expire(TimeoutTimerTask.java:43)
	at org.asynchttpclient.netty.timeout.RequestTimeoutTimerTask.run(RequestTimeoutTimerTask.java:50)
	at io.netty.util.HashedWheelTimer$HashedWheelTimeout.expire(HashedWheelTimer.java:672)
	at io.netty.util.HashedWheelTimer$HashedWheelBucket.expireTimeouts(HashedWheelTimer.java:747)
	at io.netty.util.HashedWheelTimer$Worker.run(HashedWheelTimer.java:472)
	at io.netty.util.concurrent.FastThreadLocalRunnable.run(FastThreadLocalRunnable.java:30)
	at java.base/java.lang.Thread.run(Thread.java:832)
... Removed 27 stack frames</pre></div><a href='#' onClick='toggleBox("stack-trace217827560", this, "Click to show all stack frames", "Click to hide stack frames")'>Click to show all stack frames</a>
<div class='stack-trace' id='stack-trace217827560'><pre>org.openqa.selenium.remote.UnreachableBrowserException: Error communicating with the remote browser. It may have died.
Build info: version: &apos;4.0.0-alpha-7&apos;, revision: &apos;de8579b6d5&apos;
System info: host: &apos;LSIDUDUZOM&apos;, ip: &apos;192.168.18.6&apos;, os.name: &apos;Windows 10&apos;, os.arch: &apos;amd64&apos;, os.version: &apos;10.0&apos;, java.version: &apos;15&apos;
Driver info: driver.version: RemoteWebDriver
Capabilities {acceptInsecureCerts: false, browserName: chrome, browserVersion: 92.0.4515.131, chrome: {chromedriverVersion: 92.0.4515.107 (87a818b10553..., userDataDir: C:\Users\siduduzom\AppData\...}, goog:chromeOptions: {debuggerAddress: localhost:54986}, javascriptEnabled: true, networkConnectionEnabled: false, pageLoadStrategy: normal, platform: WINDOWS, platformName: WINDOWS, proxy: Proxy(), setWindowRect: true, strictFileInteractability: false, timeouts: {implicit: 0, pageLoad: 300000, script: 30000}, unhandledPromptBehavior: dismiss and notify, webauthn:extension:credBlob: true, webauthn:extension:largeBlob: true, webauthn:virtualAuthenticators: true}
Session ID: 19d9784bbcd8b68f632d5e8e1dd3f01f
	at org.openqa.selenium.remote.RemoteWebDriver.execute(RemoteWebDriver.java:522)
	at org.openqa.selenium.remote.RemoteWebDriver.get(RemoteWebDriver.java:273)
	at mamaMoney.palindrome.pages.HomePage.openHomePage(HomePage.java:20)
	at mamaMoney.palindrome.tests.PalandromeTest.allPalindromeTests(PalandromeTest.java:22)
	at java.base/jdk.internal.reflect.NativeMethodAccessorImpl.invoke0(Native Method)
	at java.base/jdk.internal.reflect.NativeMethodAccessorImpl.invoke(NativeMethodAccessorImpl.java:64)
	at java.base/jdk.internal.reflect.DelegatingMethodAccessorImpl.invoke(DelegatingMethodAccessorImpl.java:43)
	at java.base/java.lang.reflect.Method.invoke(Method.java:564)
	at org.testng.internal.MethodInvocationHelper.invokeMethod(MethodInvocationHelper.java:132)
	at org.testng.internal.TestInvoker.invokeMethod(TestInvoker.java:599)
	at org.testng.internal.TestInvoker.invokeTestMethod(TestInvoker.java:174)
	at org.testng.internal.MethodRunner.runInSequence(MethodRunner.java:46)
	at org.testng.internal.TestInvoker$MethodInvocationAgent.invoke(TestInvoker.java:822)
	at org.testng.internal.TestInvoker.invokeTestMethods(TestInvoker.java:147)
	at org.testng.internal.TestMethodWorker.invokeTestMethods(TestMethodWorker.java:146)
	at org.testng.internal.TestMethodWorker.run(TestMethodWorker.java:128)
	at java.base/java.util.ArrayList.forEach(ArrayList.java:1511)
	at org.testng.TestRunner.privateRun(TestRunner.java:764)
	at org.testng.TestRunner.run(TestRunner.java:585)
	at org.testng.SuiteRunner.runTest(SuiteRunner.java:384)
	at org.testng.SuiteRunner.runSequentially(SuiteRunner.java:378)
	at org.testng.SuiteRunner.privateRun(SuiteRunner.java:337)
	at org.testng.SuiteRunner.run(SuiteRunner.java:286)
	at org.testng.SuiteRunnerWorker.runSuite(SuiteRunnerWorker.java:53)
	at org.testng.SuiteRunnerWorker.run(SuiteRunnerWorker.java:96)
	at org.testng.TestNG.runSuitesSequentially(TestNG.java:1218)
	at org.testng.TestNG.runSuitesLocally(TestNG.java:1140)
	at org.testng.TestNG.runSuites(TestNG.java:1069)
	at org.testng.TestNG.run(TestNG.java:1037)
	at org.testng.remote.AbstractRemoteTestNG.run(AbstractRemoteTestNG.java:115)
	at org.testng.remote.RemoteTestNG.initAndRun(RemoteTestNG.java:251)
	at org.testng.remote.RemoteTestNG.main(RemoteTestNG.java:77)
Caused by: java.lang.RuntimeException: NettyHttpHandler request execution error
	at org.openqa.selenium.remote.http.netty.NettyHttpHandler.makeCall(NettyHttpHandler.java:72)
	at org.openqa.selenium.remote.http.AddSeleniumUserAgent.lambda$apply$0(AddSeleniumUserAgent.java:42)
	at org.openqa.selenium.remote.http.Filter.lambda$andFinally$1(Filter.java:56)
	at org.openqa.selenium.remote.http.netty.NettyHttpHandler.execute(NettyHttpHandler.java:47)
	at org.openqa.selenium.remote.http.AddSeleniumUserAgent.lambda$apply$0(AddSeleniumUserAgent.java:42)
	at org.openqa.selenium.remote.http.Filter.lambda$andFinally$1(Filter.java:56)
	at org.openqa.selenium.remote.http.netty.NettyClient.execute(NettyClient.java:60)
	at org.openqa.selenium.remote.HttpCommandExecutor.execute(HttpCommandExecutor.java:164)
	at org.openqa.selenium.remote.service.DriverCommandExecutor.execute(DriverCommandExecutor.java:123)
	at org.openqa.selenium.remote.RemoteWebDriver.execute(RemoteWebDriver.java:501)
	... 31 more
Caused by: java.util.concurrent.ExecutionException: java.util.concurrent.TimeoutException: Request timeout to localhost/127.0.0.1:10650 after 60000 ms
	at java.base/java.util.concurrent.CompletableFuture.reportGet(CompletableFuture.java:395)
	at java.base/java.util.concurrent.CompletableFuture.get(CompletableFuture.java:2063)
	at org.asynchttpclient.netty.NettyResponseFuture.get(NettyResponseFuture.java:201)
	at org.openqa.selenium.remote.http.netty.NettyHttpHandler.makeCall(NettyHttpHandler.java:57)
	... 40 more
Caused by: java.util.concurrent.TimeoutException: Request timeout to localhost/127.0.0.1:10650 after 60000 ms
	at org.asynchttpclient.netty.timeout.TimeoutTimerTask.expire(TimeoutTimerTask.java:43)
	at org.asynchttpclient.netty.timeout.RequestTimeoutTimerTask.run(RequestTimeoutTimerTask.java:50)
	at io.netty.util.HashedWheelTimer$HashedWheelTimeout.expire(HashedWheelTimer.java:672)
	at io.netty.util.HashedWheelTimer$HashedWheelBucket.expireTimeouts(HashedWheelTimer.java:747)
	at io.netty.util.HashedWheelTimer$Worker.run(HashedWheelTimer.java:472)
	at io.netty.util.concurrent.FastThreadLocalRunnable.run(FastThreadLocalRunnable.java:30)
	at java.base/java.lang.Thread.run(Thread.java:832)
</pre></div></td>
<td>60</td>
<td>mamaMoney.palindrome.tests.PalandromeTest@16ec5519</td></tr>
</table><p>
<table width='100%' border='1' class='invocation-passed'>
<tr><td colspan='4' align='center'><b>PASSED TESTS</b></td></tr>
<tr><td><b>Test method</b></td>
<td width="30%"><b>Exception</b></td>
<td width="10%"><b>Time (seconds)</b></td>
<td><b>Instance</b></td>
</tr>
<tr>
<td title='mamaMoney.palindrome.tests.PalandromeTest.allPalindromeTests()'><b>allPalindromeTests</b><br>Test class: mamaMoney.palindrome.tests.PalandromeTest<br>Parameters: {palidromeExpectedMessage=Yes! step on no pets reversed is step on no pets, testID=2, text=step on no pets, testDescription=we are testing phrase [step on no pets] if is palindrome}</td>
<td></td>
<td>8</td>
<td>mamaMoney.palindrome.tests.PalandromeTest@16ec5519</td></tr>
<tr>
<td title='mamaMoney.palindrome.tests.PalandromeTest.allPalindromeTests()'><b>allPalindromeTests</b><br>Test class: mamaMoney.palindrome.tests.PalandromeTest<br>Parameters: {palidromeExpectedMessage=Yes! 1001 reversed is 1001, testID=3, text=1001, testDescription=we are testing number [1001] if is Palindrome}</td>
<td></td>
<td>2</td>
<td>mamaMoney.palindrome.tests.PalandromeTest@16ec5519</td></tr>
<tr>
<td title='mamaMoney.palindrome.tests.PalandromeTest.allPalindromeTests()'><b>allPalindromeTests</b><br>Test class: mamaMoney.palindrome.tests.PalandromeTest<br>Parameters: {palidromeExpectedMessage=Yes! 12/11/21 reversed is 12/11/21, testID=4, text=12/11/21, testDescription=we are testing date 12/11/21 if is palidrome}</td>
<td></td>
<td>2</td>
<td>mamaMoney.palindrome.tests.PalandromeTest@16ec5519</td></tr>
<tr>
<td title='mamaMoney.palindrome.tests.PalandromeTest.allPalindromeTests()'><b>allPalindromeTests</b><br>Test class: mamaMoney.palindrome.tests.PalandromeTest<br>Parameters: {palidromeExpectedMessage=Yes! alt22tla reversed is alt22tla, testID=5, text=alt22tla, testDescription=we are testing character [alt22tla] If is palindrome}</td>
<td></td>
<td>0</td>
<td>mamaMoney.palindrome.tests.PalandromeTest@16ec5519</td></tr>
<tr>
<td title='mamaMoney.palindrome.tests.PalandromeTest.allPalindromeTests()'><b>allPalindromeTests</b><br>Test class: mamaMoney.palindrome.tests.PalandromeTest<br>Parameters: {palidromeExpectedMessage=No! mama reserved is amam, testID=6, text=mama, testDescription=we are testing word [mama] If is not palindrome}</td>
<td></td>
<td>6</td>
<td>mamaMoney.palindrome.tests.PalandromeTest@16ec5519</td></tr>
<tr>
<td title='mamaMoney.palindrome.tests.PalandromeTest.allPalindromeTests()'><b>allPalindromeTests</b><br>Test class: mamaMoney.palindrome.tests.PalandromeTest<br>Parameters: {palidromeExpectedMessage=No! 2021 reserved is 1202, testID=7, text=2021, testDescription=we are testing year [2021] if is not palindrome}</td>
<td></td>
<td>1</td>
<td>mamaMoney.palindrome.tests.PalandromeTest@16ec5519</td></tr>
<tr>
<td title='mamaMoney.palindrome.tests.PalandromeTest.allPalindromeTests()'><b>allPalindromeTests</b><br>Test class: mamaMoney.palindrome.tests.PalandromeTest<br>Parameters: {palidromeExpectedMessage=No! 3535 reserved is 5353, testID=8, text=3535, testDescription=we are testing number [3535] if is not palindrome}</td>
<td></td>
<td>2</td>
<td>mamaMoney.palindrome.tests.PalandromeTest@16ec5519</td></tr>
<tr>
<td title='mamaMoney.palindrome.tests.PalandromeTest.allPalindromeTests()'><b>allPalindromeTests</b><br>Test class: mamaMoney.palindrome.tests.PalandromeTest<br>Parameters: {palidromeExpectedMessage=No! 18/10/21 reserved is 12/01/81, testID=9, text=18/10/21, testDescription=we are testing date [18/10/21] if is not palindrome}</td>
<td></td>
<td>0</td>
<td>mamaMoney.palindrome.tests.PalandromeTest@16ec5519</td></tr>
<tr>
<td title='mamaMoney.palindrome.tests.PalandromeTest.allPalindromeTests()'><b>allPalindromeTests</b><br>Test class: mamaMoney.palindrome.tests.PalandromeTest<br>Parameters: {palidromeExpectedMessage=No! Pep reserved is peP, testID=10, text=Pep, testDescription=we are testing case sensitive palidrome word [Pep] if is not palindrome}</td>
<td></td>
<td>2</td>
<td>mamaMoney.palindrome.tests.PalandromeTest@16ec5519</td></tr>
</table><p>
</body>
</html>